mode: set
github.com/colton/futurebuild/internal/chat/intents.go:23.50,26.22 2 1
github.com/colton/futurebuild/internal/chat/intents.go:26.22,28.3 1 1
github.com/colton/futurebuild/internal/chat/intents.go:32.2,55.29 2 1
github.com/colton/futurebuild/internal/chat/intents.go:55.29,56.41 1 1
github.com/colton/futurebuild/internal/chat/intents.go:56.41,57.53 1 1
github.com/colton/futurebuild/internal/chat/intents.go:57.53,59.5 1 1
github.com/colton/futurebuild/internal/chat/intents.go:64.2,64.28 1 1
github.com/colton/futurebuild/internal/chat/orchestrator.go:57.17,64.2 1 1
github.com/colton/futurebuild/internal/chat/orchestrator.go:74.17,81.2 1 0
github.com/colton/futurebuild/internal/chat/orchestrator.go:86.135,98.55 2 1
github.com/colton/futurebuild/internal/chat/orchestrator.go:98.55,100.3 1 1
github.com/colton/futurebuild/internal/chat/orchestrator.go:104.2,119.56 4 1
github.com/colton/futurebuild/internal/chat/orchestrator.go:119.56,121.3 1 1
github.com/colton/futurebuild/internal/chat/orchestrator.go:124.2,127.8 1 1
github.com/colton/futurebuild/internal/chat/orchestrator.go:132.83,133.16 1 1
github.com/colton/futurebuild/internal/chat/orchestrator.go:134.34,135.76 1 1
github.com/colton/futurebuild/internal/chat/orchestrator.go:136.32,137.75 1 1
github.com/colton/futurebuild/internal/chat/orchestrator.go:138.31,139.70 1 1
github.com/colton/futurebuild/internal/chat/orchestrator.go:140.36,141.84 1 1
github.com/colton/futurebuild/internal/chat/orchestrator.go:142.10,143.87 1 1
github.com/colton/futurebuild/internal/chat/orchestrator.go:161.57,163.2 1 1
github.com/colton/futurebuild/internal/chat/orchestrator.go:167.90,176.16 3 1
github.com/colton/futurebuild/internal/chat/orchestrator.go:176.16,178.3 1 1
github.com/colton/futurebuild/internal/chat/orchestrator.go:179.2,179.12 1 1
