mode: set
github.com/colton/futurebuild/internal/api/handlers/auth_handler.go:18.131,24.2 1 1
github.com/colton/futurebuild/internal/api/handlers/auth_handler.go:27.69,29.61 2 1
github.com/colton/futurebuild/internal/api/handlers/auth_handler.go:29.61,32.3 2 1
github.com/colton/futurebuild/internal/api/handlers/auth_handler.go:35.2,38.16 2 0
github.com/colton/futurebuild/internal/api/handlers/auth_handler.go:38.16,41.3 2 0
github.com/colton/futurebuild/internal/api/handlers/auth_handler.go:44.2,45.16 2 0
github.com/colton/futurebuild/internal/api/handlers/auth_handler.go:45.16,48.3 2 0
github.com/colton/futurebuild/internal/api/handlers/auth_handler.go:49.2,52.27 2 0
github.com/colton/futurebuild/internal/api/handlers/auth_handler.go:52.27,53.92 1 0
github.com/colton/futurebuild/internal/api/handlers/auth_handler.go:53.92,56.4 2 0
github.com/colton/futurebuild/internal/api/handlers/auth_handler.go:57.8,58.98 1 0
github.com/colton/futurebuild/internal/api/handlers/auth_handler.go:58.98,61.4 2 0
github.com/colton/futurebuild/internal/api/handlers/auth_handler.go:65.2,71.92 4 0
github.com/colton/futurebuild/internal/api/handlers/auth_handler.go:71.92,74.3 2 0
github.com/colton/futurebuild/internal/api/handlers/auth_handler.go:76.2,76.28 1 0
github.com/colton/futurebuild/internal/api/handlers/auth_handler.go:80.70,82.17 2 0
github.com/colton/futurebuild/internal/api/handlers/auth_handler.go:82.17,85.3 2 0
github.com/colton/futurebuild/internal/api/handlers/auth_handler.go:87.2,88.16 2 0
github.com/colton/futurebuild/internal/api/handlers/auth_handler.go:88.16,92.3 2 0
github.com/colton/futurebuild/internal/api/handlers/auth_handler.go:95.2,96.16 2 0
github.com/colton/futurebuild/internal/api/handlers/auth_handler.go:96.16,99.3 2 0
github.com/colton/futurebuild/internal/api/handlers/auth_handler.go:101.2,102.42 2 0
github.com/colton/futurebuild/internal/api/handlers/auth_handler.go:105.68,111.2 3 0
github.com/colton/futurebuild/internal/api/handlers/chat_handler.go:21.67,23.2 1 1
github.com/colton/futurebuild/internal/api/handlers/chat_handler.go:27.74,33.16 3 1
github.com/colton/futurebuild/internal/api/handlers/chat_handler.go:33.16,37.3 3 1
github.com/colton/futurebuild/internal/api/handlers/chat_handler.go:39.2,40.16 2 1
github.com/colton/futurebuild/internal/api/handlers/chat_handler.go:40.16,44.3 3 1
github.com/colton/futurebuild/internal/api/handlers/chat_handler.go:46.2,47.16 2 1
github.com/colton/futurebuild/internal/api/handlers/chat_handler.go:47.16,51.3 3 1
github.com/colton/futurebuild/internal/api/handlers/chat_handler.go:54.2,55.61 2 1
github.com/colton/futurebuild/internal/api/handlers/chat_handler.go:55.61,59.3 3 1
github.com/colton/futurebuild/internal/api/handlers/chat_handler.go:62.2,62.23 1 1
github.com/colton/futurebuild/internal/api/handlers/chat_handler.go:62.23,66.3 3 1
github.com/colton/futurebuild/internal/api/handlers/chat_handler.go:69.2,70.30 2 1
github.com/colton/futurebuild/internal/api/handlers/chat_handler.go:70.30,72.3 1 0
github.com/colton/futurebuild/internal/api/handlers/chat_handler.go:73.2,82.16 3 1
github.com/colton/futurebuild/internal/api/handlers/chat_handler.go:82.16,91.3 3 1
github.com/colton/futurebuild/internal/api/handlers/chat_handler.go:94.2,103.56 3 1
github.com/colton/futurebuild/internal/api/handlers/chat_handler.go:103.56,105.3 1 0
github.com/colton/futurebuild/internal/api/handlers/document_handler.go:20.111,25.2 1 1
github.com/colton/futurebuild/internal/api/handlers/document_handler.go:34.83,37.20 2 1
github.com/colton/futurebuild/internal/api/handlers/document_handler.go:37.20,40.3 2 1
github.com/colton/futurebuild/internal/api/handlers/document_handler.go:41.2,42.16 2 1
github.com/colton/futurebuild/internal/api/handlers/document_handler.go:42.16,45.3 2 0
github.com/colton/futurebuild/internal/api/handlers/document_handler.go:48.2,49.61 2 1
github.com/colton/futurebuild/internal/api/handlers/document_handler.go:49.61,52.3 2 1
github.com/colton/futurebuild/internal/api/handlers/document_handler.go:54.2,54.32 1 0
github.com/colton/futurebuild/internal/api/handlers/document_handler.go:54.32,57.3 2 0
github.com/colton/futurebuild/internal/api/handlers/document_handler.go:60.2,61.16 2 0
github.com/colton/futurebuild/internal/api/handlers/document_handler.go:61.16,66.3 2 0
github.com/colton/futurebuild/internal/api/handlers/document_handler.go:70.2,71.16 2 0
github.com/colton/futurebuild/internal/api/handlers/document_handler.go:71.16,74.3 2 0
github.com/colton/futurebuild/internal/api/handlers/document_handler.go:77.2,78.43 2 0
github.com/colton/futurebuild/internal/api/handlers/document_handler.go:91.85,94.20 2 0
github.com/colton/futurebuild/internal/api/handlers/document_handler.go:94.20,97.3 2 0
github.com/colton/futurebuild/internal/api/handlers/document_handler.go:98.2,99.16 2 0
github.com/colton/futurebuild/internal/api/handlers/document_handler.go:99.16,102.3 2 0
github.com/colton/futurebuild/internal/api/handlers/document_handler.go:105.2,107.16 3 0
github.com/colton/futurebuild/internal/api/handlers/document_handler.go:107.16,110.3 2 0
github.com/colton/futurebuild/internal/api/handlers/document_handler.go:113.2,114.16 2 0
github.com/colton/futurebuild/internal/api/handlers/document_handler.go:114.16,117.3 2 0
github.com/colton/futurebuild/internal/api/handlers/document_handler.go:120.2,121.16 2 0
github.com/colton/futurebuild/internal/api/handlers/document_handler.go:121.16,124.3 2 0
github.com/colton/futurebuild/internal/api/handlers/document_handler.go:127.2,128.16 2 0
github.com/colton/futurebuild/internal/api/handlers/document_handler.go:128.16,131.3 2 0
github.com/colton/futurebuild/internal/api/handlers/document_handler.go:134.2,135.16 2 0
github.com/colton/futurebuild/internal/api/handlers/document_handler.go:135.16,139.3 2 0
github.com/colton/futurebuild/internal/api/handlers/document_handler.go:142.2,147.4 2 0
github.com/colton/futurebuild/internal/api/handlers/project_handler.go:19.67,21.2 1 1
github.com/colton/futurebuild/internal/api/handlers/project_handler.go:23.80,25.20 2 0
github.com/colton/futurebuild/internal/api/handlers/project_handler.go:25.20,28.3 2 0
github.com/colton/futurebuild/internal/api/handlers/project_handler.go:29.2,30.16 2 0
github.com/colton/futurebuild/internal/api/handlers/project_handler.go:30.16,33.3 2 0
github.com/colton/futurebuild/internal/api/handlers/project_handler.go:35.2,36.59 2 0
github.com/colton/futurebuild/internal/api/handlers/project_handler.go:36.59,39.3 2 0
github.com/colton/futurebuild/internal/api/handlers/project_handler.go:42.2,42.49 1 0
github.com/colton/futurebuild/internal/api/handlers/project_handler.go:42.49,45.3 2 0
github.com/colton/futurebuild/internal/api/handlers/project_handler.go:46.2,48.18 2 0
github.com/colton/futurebuild/internal/api/handlers/project_handler.go:48.18,51.3 2 0
github.com/colton/futurebuild/internal/api/handlers/project_handler.go:53.2,53.65 1 0
github.com/colton/futurebuild/internal/api/handlers/project_handler.go:53.65,54.46 1 0
github.com/colton/futurebuild/internal/api/handlers/project_handler.go:54.46,57.4 2 0
github.com/colton/futurebuild/internal/api/handlers/project_handler.go:59.3,59.54 1 0
github.com/colton/futurebuild/internal/api/handlers/project_handler.go:59.54,62.4 2 0
github.com/colton/futurebuild/internal/api/handlers/project_handler.go:63.3,64.9 2 0
github.com/colton/futurebuild/internal/api/handlers/project_handler.go:67.2,69.34 3 0
github.com/colton/futurebuild/internal/api/handlers/project_handler.go:72.77,75.16 3 0
github.com/colton/futurebuild/internal/api/handlers/project_handler.go:75.16,78.3 2 0
github.com/colton/futurebuild/internal/api/handlers/project_handler.go:81.2,82.20 2 0
github.com/colton/futurebuild/internal/api/handlers/project_handler.go:82.20,85.3 2 0
github.com/colton/futurebuild/internal/api/handlers/project_handler.go:86.2,87.16 2 0
github.com/colton/futurebuild/internal/api/handlers/project_handler.go:87.16,90.3 2 0
github.com/colton/futurebuild/internal/api/handlers/project_handler.go:92.2,93.16 2 0
github.com/colton/futurebuild/internal/api/handlers/project_handler.go:93.16,96.3 2 0
github.com/colton/futurebuild/internal/api/handlers/project_handler.go:98.2,99.34 2 0
github.com/colton/futurebuild/internal/api/handlers/task_handler.go:23.63,25.2 1 1
github.com/colton/futurebuild/internal/api/handlers/task_handler.go:43.74,45.16 2 0
github.com/colton/futurebuild/internal/api/handlers/task_handler.go:45.16,48.3 2 0
github.com/colton/futurebuild/internal/api/handlers/task_handler.go:50.2,52.16 3 0
github.com/colton/futurebuild/internal/api/handlers/task_handler.go:52.16,55.3 2 0
github.com/colton/futurebuild/internal/api/handlers/task_handler.go:57.2,58.61 2 0
github.com/colton/futurebuild/internal/api/handlers/task_handler.go:58.61,61.3 2 0
github.com/colton/futurebuild/internal/api/handlers/task_handler.go:64.2,65.16 2 0
github.com/colton/futurebuild/internal/api/handlers/task_handler.go:65.16,68.3 2 0
github.com/colton/futurebuild/internal/api/handlers/task_handler.go:71.2,72.35 2 0
github.com/colton/futurebuild/internal/api/handlers/task_handler.go:72.35,73.146 1 0
github.com/colton/futurebuild/internal/api/handlers/task_handler.go:73.146,76.4 2 0
github.com/colton/futurebuild/internal/api/handlers/task_handler.go:80.3,81.17 2 0
github.com/colton/futurebuild/internal/api/handlers/task_handler.go:81.17,84.4 2 0
github.com/colton/futurebuild/internal/api/handlers/task_handler.go:85.3,88.77 2 0
github.com/colton/futurebuild/internal/api/handlers/task_handler.go:91.2,95.4 2 0
github.com/colton/futurebuild/internal/api/handlers/task_handler.go:116.78,118.16 2 0
github.com/colton/futurebuild/internal/api/handlers/task_handler.go:118.16,121.3 2 0
github.com/colton/futurebuild/internal/api/handlers/task_handler.go:123.2,125.16 3 0
github.com/colton/futurebuild/internal/api/handlers/task_handler.go:125.16,128.3 2 0
github.com/colton/futurebuild/internal/api/handlers/task_handler.go:130.2,131.61 2 0
github.com/colton/futurebuild/internal/api/handlers/task_handler.go:131.61,134.3 2 0
github.com/colton/futurebuild/internal/api/handlers/task_handler.go:137.2,138.16 2 0
github.com/colton/futurebuild/internal/api/handlers/task_handler.go:138.16,141.3 2 0
github.com/colton/futurebuild/internal/api/handlers/task_handler.go:146.2,147.53 2 0
github.com/colton/futurebuild/internal/api/handlers/task_handler.go:147.53,148.36 1 0
github.com/colton/futurebuild/internal/api/handlers/task_handler.go:148.36,150.4 1 0
github.com/colton/futurebuild/internal/api/handlers/task_handler.go:153.2,153.133 1 0
github.com/colton/futurebuild/internal/api/handlers/task_handler.go:153.133,156.3 2 0
github.com/colton/futurebuild/internal/api/handlers/task_handler.go:158.2,163.76 3 0
github.com/colton/futurebuild/internal/api/handlers/task_handler.go:163.76,164.126 1 0
github.com/colton/futurebuild/internal/api/handlers/task_handler.go:164.126,167.4 2 0
github.com/colton/futurebuild/internal/api/handlers/task_handler.go:168.3,172.17 3 0
github.com/colton/futurebuild/internal/api/handlers/task_handler.go:172.17,175.4 2 0
github.com/colton/futurebuild/internal/api/handlers/task_handler.go:176.3,179.77 2 0
github.com/colton/futurebuild/internal/api/handlers/task_handler.go:182.2,187.4 2 0
github.com/colton/futurebuild/internal/api/handlers/task_handler.go:210.80,212.16 2 0
github.com/colton/futurebuild/internal/api/handlers/task_handler.go:212.16,215.3 2 0
github.com/colton/futurebuild/internal/api/handlers/task_handler.go:217.2,219.16 3 0
github.com/colton/futurebuild/internal/api/handlers/task_handler.go:219.16,222.3 2 0
github.com/colton/futurebuild/internal/api/handlers/task_handler.go:224.2,225.61 2 0
github.com/colton/futurebuild/internal/api/handlers/task_handler.go:225.61,228.3 2 0
github.com/colton/futurebuild/internal/api/handlers/task_handler.go:232.2,238.31 2 0
github.com/colton/futurebuild/internal/api/handlers/task_handler.go:238.31,241.3 2 0
github.com/colton/futurebuild/internal/api/handlers/task_handler.go:244.2,245.16 2 0
github.com/colton/futurebuild/internal/api/handlers/task_handler.go:245.16,248.3 2 0
github.com/colton/futurebuild/internal/api/handlers/task_handler.go:251.2,252.16 2 0
github.com/colton/futurebuild/internal/api/handlers/task_handler.go:252.16,255.3 2 0
github.com/colton/futurebuild/internal/api/handlers/task_handler.go:257.2,257.24 1 0
github.com/colton/futurebuild/internal/api/handlers/task_handler.go:257.24,260.3 2 0
github.com/colton/futurebuild/internal/api/handlers/task_handler.go:263.2,263.163 1 0
github.com/colton/futurebuild/internal/api/handlers/task_handler.go:263.163,266.3 2 0
github.com/colton/futurebuild/internal/api/handlers/task_handler.go:268.2,272.48 2 0
github.com/colton/futurebuild/internal/api/handlers/task_handler.go:272.48,273.126 1 0
github.com/colton/futurebuild/internal/api/handlers/task_handler.go:273.126,276.4 2 0
github.com/colton/futurebuild/internal/api/handlers/task_handler.go:279.3,280.17 2 0
github.com/colton/futurebuild/internal/api/handlers/task_handler.go:280.17,283.4 2 0
github.com/colton/futurebuild/internal/api/handlers/task_handler.go:284.3,287.77 2 0
github.com/colton/futurebuild/internal/api/handlers/task_handler.go:290.2,295.4 2 0
github.com/colton/futurebuild/internal/api/handlers/task_handler.go:299.87,302.16 3 0
github.com/colton/futurebuild/internal/api/handlers/task_handler.go:302.16,304.3 1 0
github.com/colton/futurebuild/internal/api/handlers/task_handler.go:306.2,307.20 2 0
github.com/colton/futurebuild/internal/api/handlers/task_handler.go:307.20,309.3 1 0
github.com/colton/futurebuild/internal/api/handlers/task_handler.go:310.2,311.16 2 0
github.com/colton/futurebuild/internal/api/handlers/task_handler.go:311.16,313.3 1 0
github.com/colton/futurebuild/internal/api/handlers/task_handler.go:315.2,315.30 1 0
github.com/colton/futurebuild/internal/api/handlers/vision_handler.go:22.83,27.2 1 0
github.com/colton/futurebuild/internal/api/handlers/vision_handler.go:45.76,48.16 2 0
github.com/colton/futurebuild/internal/api/handlers/vision_handler.go:48.16,51.3 2 0
github.com/colton/futurebuild/internal/api/handlers/vision_handler.go:53.2,55.16 3 0
github.com/colton/futurebuild/internal/api/handlers/vision_handler.go:55.16,58.3 2 0
github.com/colton/futurebuild/internal/api/handlers/vision_handler.go:61.2,62.61 2 0
github.com/colton/futurebuild/internal/api/handlers/vision_handler.go:62.61,65.3 2 0
github.com/colton/futurebuild/internal/api/handlers/vision_handler.go:67.2,67.24 1 0
github.com/colton/futurebuild/internal/api/handlers/vision_handler.go:67.24,70.3 2 0
github.com/colton/futurebuild/internal/api/handlers/vision_handler.go:72.2,72.31 1 0
github.com/colton/futurebuild/internal/api/handlers/vision_handler.go:72.31,75.3 2 0
github.com/colton/futurebuild/internal/api/handlers/vision_handler.go:79.2,88.16 2 0
github.com/colton/futurebuild/internal/api/handlers/vision_handler.go:88.16,91.3 2 0
github.com/colton/futurebuild/internal/api/handlers/vision_handler.go:94.2,98.4 2 0
