mode: set
github.com/colton/futurebuild/internal/api/handlers/auth_handler.go:18.131,24.2 1 1
github.com/colton/futurebuild/internal/api/handlers/auth_handler.go:27.69,29.61 2 1
github.com/colton/futurebuild/internal/api/handlers/auth_handler.go:29.61,32.3 2 1
github.com/colton/futurebuild/internal/api/handlers/auth_handler.go:35.2,38.16 2 1
github.com/colton/futurebuild/internal/api/handlers/auth_handler.go:38.16,41.3 2 0
github.com/colton/futurebuild/internal/api/handlers/auth_handler.go:44.2,45.16 2 1
github.com/colton/futurebuild/internal/api/handlers/auth_handler.go:45.16,48.3 2 0
github.com/colton/futurebuild/internal/api/handlers/auth_handler.go:49.2,52.27 2 1
github.com/colton/futurebuild/internal/api/handlers/auth_handler.go:52.27,53.92 1 1
github.com/colton/futurebuild/internal/api/handlers/auth_handler.go:53.92,56.4 2 0
github.com/colton/futurebuild/internal/api/handlers/auth_handler.go:57.8,58.98 1 0
github.com/colton/futurebuild/internal/api/handlers/auth_handler.go:58.98,61.4 2 0
github.com/colton/futurebuild/internal/api/handlers/auth_handler.go:65.2,71.92 4 1
github.com/colton/futurebuild/internal/api/handlers/auth_handler.go:71.92,74.3 2 0
github.com/colton/futurebuild/internal/api/handlers/auth_handler.go:76.2,76.28 1 1
github.com/colton/futurebuild/internal/api/handlers/auth_handler.go:80.70,82.17 2 1
github.com/colton/futurebuild/internal/api/handlers/auth_handler.go:82.17,85.3 2 0
github.com/colton/futurebuild/internal/api/handlers/auth_handler.go:87.2,88.16 2 1
github.com/colton/futurebuild/internal/api/handlers/auth_handler.go:88.16,92.3 2 1
github.com/colton/futurebuild/internal/api/handlers/auth_handler.go:95.2,96.16 2 1
github.com/colton/futurebuild/internal/api/handlers/auth_handler.go:96.16,99.3 2 0
github.com/colton/futurebuild/internal/api/handlers/auth_handler.go:101.2,102.42 2 1
github.com/colton/futurebuild/internal/api/handlers/auth_handler.go:105.68,111.2 3 1
github.com/colton/futurebuild/internal/api/handlers/chat_handler.go:21.67,23.2 1 1
github.com/colton/futurebuild/internal/api/handlers/chat_handler.go:27.74,33.16 3 1
github.com/colton/futurebuild/internal/api/handlers/chat_handler.go:33.16,37.3 3 1
github.com/colton/futurebuild/internal/api/handlers/chat_handler.go:39.2,40.16 2 1
github.com/colton/futurebuild/internal/api/handlers/chat_handler.go:40.16,44.3 3 1
github.com/colton/futurebuild/internal/api/handlers/chat_handler.go:46.2,47.16 2 1
github.com/colton/futurebuild/internal/api/handlers/chat_handler.go:47.16,51.3 3 1
github.com/colton/futurebuild/internal/api/handlers/chat_handler.go:54.2,55.61 2 1
github.com/colton/futurebuild/internal/api/handlers/chat_handler.go:55.61,59.3 3 1
github.com/colton/futurebuild/internal/api/handlers/chat_handler.go:62.2,62.23 1 1
github.com/colton/futurebuild/internal/api/handlers/chat_handler.go:62.23,66.3 3 1
github.com/colton/futurebuild/internal/api/handlers/chat_handler.go:69.2,70.30 2 1
github.com/colton/futurebuild/internal/api/handlers/chat_handler.go:70.30,72.3 1 0
github.com/colton/futurebuild/internal/api/handlers/chat_handler.go:73.2,82.16 3 1
github.com/colton/futurebuild/internal/api/handlers/chat_handler.go:82.16,91.3 3 1
github.com/colton/futurebuild/internal/api/handlers/chat_handler.go:94.2,103.56 3 1
github.com/colton/futurebuild/internal/api/handlers/chat_handler.go:103.56,105.3 1 0
github.com/colton/futurebuild/internal/api/handlers/document_handler.go:20.111,25.2 1 1
github.com/colton/futurebuild/internal/api/handlers/document_handler.go:34.83,37.20 2 1
github.com/colton/futurebuild/internal/api/handlers/document_handler.go:37.20,40.3 2 1
github.com/colton/futurebuild/internal/api/handlers/document_handler.go:41.2,42.16 2 1
github.com/colton/futurebuild/internal/api/handlers/document_handler.go:42.16,45.3 2 0
github.com/colton/futurebuild/internal/api/handlers/document_handler.go:48.2,49.61 2 1
github.com/colton/futurebuild/internal/api/handlers/document_handler.go:49.61,52.3 2 1
github.com/colton/futurebuild/internal/api/handlers/document_handler.go:54.2,54.32 1 0
github.com/colton/futurebuild/internal/api/handlers/document_handler.go:54.32,57.3 2 0
github.com/colton/futurebuild/internal/api/handlers/document_handler.go:60.2,61.16 2 0
github.com/colton/futurebuild/internal/api/handlers/document_handler.go:61.16,66.3 2 0
github.com/colton/futurebuild/internal/api/handlers/document_handler.go:70.2,71.16 2 0
github.com/colton/futurebuild/internal/api/handlers/document_handler.go:71.16,74.3 2 0
github.com/colton/futurebuild/internal/api/handlers/document_handler.go:77.2,78.43 2 0
github.com/colton/futurebuild/internal/api/handlers/document_handler.go:91.85,94.20 2 0
github.com/colton/futurebuild/internal/api/handlers/document_handler.go:94.20,97.3 2 0
github.com/colton/futurebuild/internal/api/handlers/document_handler.go:98.2,99.16 2 0
github.com/colton/futurebuild/internal/api/handlers/document_handler.go:99.16,102.3 2 0
github.com/colton/futurebuild/internal/api/handlers/document_handler.go:105.2,107.16 3 0
github.com/colton/futurebuild/internal/api/handlers/document_handler.go:107.16,110.3 2 0
github.com/colton/futurebuild/internal/api/handlers/document_handler.go:113.2,114.16 2 0
github.com/colton/futurebuild/internal/api/handlers/document_handler.go:114.16,117.3 2 0
github.com/colton/futurebuild/internal/api/handlers/document_handler.go:120.2,121.16 2 0
github.com/colton/futurebuild/internal/api/handlers/document_handler.go:121.16,124.3 2 0
github.com/colton/futurebuild/internal/api/handlers/document_handler.go:127.2,128.16 2 0
github.com/colton/futurebuild/internal/api/handlers/document_handler.go:128.16,131.3 2 0
github.com/colton/futurebuild/internal/api/handlers/document_handler.go:134.2,135.16 2 0
github.com/colton/futurebuild/internal/api/handlers/document_handler.go:135.16,139.3 2 0
github.com/colton/futurebuild/internal/api/handlers/document_handler.go:142.2,147.4 2 0
github.com/colton/futurebuild/internal/api/handlers/project_handler.go:18.67,20.2 1 1
github.com/colton/futurebuild/internal/api/handlers/project_handler.go:22.80,24.20 2 1
github.com/colton/futurebuild/internal/api/handlers/project_handler.go:24.20,27.3 2 1
github.com/colton/futurebuild/internal/api/handlers/project_handler.go:28.2,29.16 2 1
github.com/colton/futurebuild/internal/api/handlers/project_handler.go:29.16,32.3 2 1
github.com/colton/futurebuild/internal/api/handlers/project_handler.go:34.2,35.59 2 1
github.com/colton/futurebuild/internal/api/handlers/project_handler.go:35.59,38.3 2 0
github.com/colton/futurebuild/internal/api/handlers/project_handler.go:41.2,41.49 1 1
github.com/colton/futurebuild/internal/api/handlers/project_handler.go:41.49,44.3 2 1
github.com/colton/futurebuild/internal/api/handlers/project_handler.go:45.2,47.18 2 1
github.com/colton/futurebuild/internal/api/handlers/project_handler.go:47.18,50.3 2 1
github.com/colton/futurebuild/internal/api/handlers/project_handler.go:52.2,52.65 1 1
github.com/colton/futurebuild/internal/api/handlers/project_handler.go:52.65,53.46 1 1
github.com/colton/futurebuild/internal/api/handlers/project_handler.go:53.46,56.4 2 1
github.com/colton/futurebuild/internal/api/handlers/project_handler.go:58.3,58.54 1 1
github.com/colton/futurebuild/internal/api/handlers/project_handler.go:58.54,61.4 2 0
github.com/colton/futurebuild/internal/api/handlers/project_handler.go:62.3,63.9 2 1
github.com/colton/futurebuild/internal/api/handlers/project_handler.go:66.2,68.34 3 1
github.com/colton/futurebuild/internal/api/handlers/project_handler.go:71.77,74.16 3 1
github.com/colton/futurebuild/internal/api/handlers/project_handler.go:74.16,77.3 2 1
github.com/colton/futurebuild/internal/api/handlers/project_handler.go:80.2,81.20 2 1
github.com/colton/futurebuild/internal/api/handlers/project_handler.go:81.20,84.3 2 1
github.com/colton/futurebuild/internal/api/handlers/project_handler.go:85.2,86.16 2 1
github.com/colton/futurebuild/internal/api/handlers/project_handler.go:86.16,89.3 2 0
github.com/colton/futurebuild/internal/api/handlers/project_handler.go:91.2,92.16 2 1
github.com/colton/futurebuild/internal/api/handlers/project_handler.go:92.16,95.3 2 1
github.com/colton/futurebuild/internal/api/handlers/project_handler.go:97.2,98.34 2 1
github.com/colton/futurebuild/internal/api/handlers/task_handler.go:22.63,24.2 1 1
github.com/colton/futurebuild/internal/api/handlers/task_handler.go:42.74,44.16 2 1
github.com/colton/futurebuild/internal/api/handlers/task_handler.go:44.16,47.3 2 0
github.com/colton/futurebuild/internal/api/handlers/task_handler.go:49.2,51.16 3 1
github.com/colton/futurebuild/internal/api/handlers/task_handler.go:51.16,54.3 2 1
github.com/colton/futurebuild/internal/api/handlers/task_handler.go:56.2,57.61 2 1
github.com/colton/futurebuild/internal/api/handlers/task_handler.go:57.61,60.3 2 1
github.com/colton/futurebuild/internal/api/handlers/task_handler.go:63.2,64.16 2 1
github.com/colton/futurebuild/internal/api/handlers/task_handler.go:64.16,67.3 2 1
github.com/colton/futurebuild/internal/api/handlers/task_handler.go:70.2,71.35 2 1
github.com/colton/futurebuild/internal/api/handlers/task_handler.go:71.35,72.146 1 1
github.com/colton/futurebuild/internal/api/handlers/task_handler.go:72.146,75.4 2 1
github.com/colton/futurebuild/internal/api/handlers/task_handler.go:79.3,80.17 2 1
github.com/colton/futurebuild/internal/api/handlers/task_handler.go:80.17,83.4 2 1
github.com/colton/futurebuild/internal/api/handlers/task_handler.go:84.3,87.77 2 1
github.com/colton/futurebuild/internal/api/handlers/task_handler.go:90.2,94.4 2 1
github.com/colton/futurebuild/internal/api/handlers/task_handler.go:115.78,117.16 2 1
github.com/colton/futurebuild/internal/api/handlers/task_handler.go:117.16,120.3 2 0
github.com/colton/futurebuild/internal/api/handlers/task_handler.go:122.2,124.16 3 1
github.com/colton/futurebuild/internal/api/handlers/task_handler.go:124.16,127.3 2 0
github.com/colton/futurebuild/internal/api/handlers/task_handler.go:129.2,130.61 2 1
github.com/colton/futurebuild/internal/api/handlers/task_handler.go:130.61,133.3 2 1
github.com/colton/futurebuild/internal/api/handlers/task_handler.go:136.2,137.16 2 1
github.com/colton/futurebuild/internal/api/handlers/task_handler.go:137.16,140.3 2 1
github.com/colton/futurebuild/internal/api/handlers/task_handler.go:145.2,146.53 2 1
github.com/colton/futurebuild/internal/api/handlers/task_handler.go:146.53,147.36 1 0
github.com/colton/futurebuild/internal/api/handlers/task_handler.go:147.36,149.4 1 0
github.com/colton/futurebuild/internal/api/handlers/task_handler.go:152.2,152.133 1 1
github.com/colton/futurebuild/internal/api/handlers/task_handler.go:152.133,155.3 2 1
github.com/colton/futurebuild/internal/api/handlers/task_handler.go:157.2,162.76 3 1
github.com/colton/futurebuild/internal/api/handlers/task_handler.go:162.76,163.126 1 1
github.com/colton/futurebuild/internal/api/handlers/task_handler.go:163.126,166.4 2 0
github.com/colton/futurebuild/internal/api/handlers/task_handler.go:167.3,171.17 3 1
github.com/colton/futurebuild/internal/api/handlers/task_handler.go:171.17,174.4 2 0
github.com/colton/futurebuild/internal/api/handlers/task_handler.go:175.3,178.77 2 1
github.com/colton/futurebuild/internal/api/handlers/task_handler.go:181.2,186.4 2 1
github.com/colton/futurebuild/internal/api/handlers/task_handler.go:209.80,211.16 2 1
github.com/colton/futurebuild/internal/api/handlers/task_handler.go:211.16,214.3 2 0
github.com/colton/futurebuild/internal/api/handlers/task_handler.go:216.2,218.16 3 1
github.com/colton/futurebuild/internal/api/handlers/task_handler.go:218.16,221.3 2 0
github.com/colton/futurebuild/internal/api/handlers/task_handler.go:223.2,224.61 2 1
github.com/colton/futurebuild/internal/api/handlers/task_handler.go:224.61,227.3 2 0
github.com/colton/futurebuild/internal/api/handlers/task_handler.go:231.2,237.31 2 1
github.com/colton/futurebuild/internal/api/handlers/task_handler.go:237.31,240.3 2 1
github.com/colton/futurebuild/internal/api/handlers/task_handler.go:243.2,244.16 2 1
github.com/colton/futurebuild/internal/api/handlers/task_handler.go:244.16,247.3 2 1
github.com/colton/futurebuild/internal/api/handlers/task_handler.go:250.2,251.16 2 1
github.com/colton/futurebuild/internal/api/handlers/task_handler.go:251.16,254.3 2 0
github.com/colton/futurebuild/internal/api/handlers/task_handler.go:256.2,256.24 1 1
github.com/colton/futurebuild/internal/api/handlers/task_handler.go:256.24,259.3 2 1
github.com/colton/futurebuild/internal/api/handlers/task_handler.go:262.2,262.163 1 1
github.com/colton/futurebuild/internal/api/handlers/task_handler.go:262.163,265.3 2 1
github.com/colton/futurebuild/internal/api/handlers/task_handler.go:267.2,271.48 2 1
github.com/colton/futurebuild/internal/api/handlers/task_handler.go:271.48,272.126 1 1
github.com/colton/futurebuild/internal/api/handlers/task_handler.go:272.126,275.4 2 0
github.com/colton/futurebuild/internal/api/handlers/task_handler.go:278.3,279.17 2 1
github.com/colton/futurebuild/internal/api/handlers/task_handler.go:279.17,282.4 2 0
github.com/colton/futurebuild/internal/api/handlers/task_handler.go:283.3,286.77 2 1
github.com/colton/futurebuild/internal/api/handlers/task_handler.go:289.2,294.4 2 1
github.com/colton/futurebuild/internal/api/handlers/task_handler.go:298.87,301.16 3 1
github.com/colton/futurebuild/internal/api/handlers/task_handler.go:301.16,303.3 1 0
github.com/colton/futurebuild/internal/api/handlers/task_handler.go:305.2,306.20 2 1
github.com/colton/futurebuild/internal/api/handlers/task_handler.go:306.20,308.3 1 0
github.com/colton/futurebuild/internal/api/handlers/task_handler.go:309.2,310.16 2 1
github.com/colton/futurebuild/internal/api/handlers/task_handler.go:310.16,312.3 1 0
github.com/colton/futurebuild/internal/api/handlers/task_handler.go:314.2,314.30 1 1
github.com/colton/futurebuild/internal/api/handlers/vision_handler.go:22.83,27.2 1 0
github.com/colton/futurebuild/internal/api/handlers/vision_handler.go:45.76,48.16 2 0
github.com/colton/futurebuild/internal/api/handlers/vision_handler.go:48.16,51.3 2 0
github.com/colton/futurebuild/internal/api/handlers/vision_handler.go:53.2,55.16 3 0
github.com/colton/futurebuild/internal/api/handlers/vision_handler.go:55.16,58.3 2 0
github.com/colton/futurebuild/internal/api/handlers/vision_handler.go:61.2,62.61 2 0
github.com/colton/futurebuild/internal/api/handlers/vision_handler.go:62.61,65.3 2 0
github.com/colton/futurebuild/internal/api/handlers/vision_handler.go:67.2,67.24 1 0
github.com/colton/futurebuild/internal/api/handlers/vision_handler.go:67.24,70.3 2 0
github.com/colton/futurebuild/internal/api/handlers/vision_handler.go:72.2,72.31 1 0
github.com/colton/futurebuild/internal/api/handlers/vision_handler.go:72.31,75.3 2 0
github.com/colton/futurebuild/internal/api/handlers/vision_handler.go:79.2,88.16 2 0
github.com/colton/futurebuild/internal/api/handlers/vision_handler.go:88.16,91.3 2 0
github.com/colton/futurebuild/internal/api/handlers/vision_handler.go:94.2,98.4 2 0
