mode: atomic
github.com/colton/futurebuild/internal/chat/audit_wal.go:44.58,48.16 2 0
github.com/colton/futurebuild/internal/chat/audit_wal.go:48.16,50.3 1 0
github.com/colton/futurebuild/internal/chat/audit_wal.go:52.2,55.8 1 0
github.com/colton/futurebuild/internal/chat/audit_wal.go:60.88,62.9 1 0
github.com/colton/futurebuild/internal/chat/audit_wal.go:63.20,64.19 1 0
github.com/colton/futurebuild/internal/chat/audit_wal.go:65.10,65.10 0 0
github.com/colton/futurebuild/internal/chat/audit_wal.go:69.2,70.16 2 0
github.com/colton/futurebuild/internal/chat/audit_wal.go:70.16,72.3 1 0
github.com/colton/futurebuild/internal/chat/audit_wal.go:74.2,78.48 3 0
github.com/colton/futurebuild/internal/chat/audit_wal.go:78.48,80.3 1 0
github.com/colton/futurebuild/internal/chat/audit_wal.go:81.2,81.49 1 0
github.com/colton/futurebuild/internal/chat/audit_wal.go:81.49,83.3 1 0
github.com/colton/futurebuild/internal/chat/audit_wal.go:86.2,86.41 1 0
github.com/colton/futurebuild/internal/chat/audit_wal.go:86.41,88.3 1 0
github.com/colton/futurebuild/internal/chat/audit_wal.go:90.2,95.12 2 0
github.com/colton/futurebuild/internal/chat/audit_wal.go:99.38,103.2 3 0
github.com/colton/futurebuild/internal/chat/audit_wal.go:106.38,110.41 3 0
github.com/colton/futurebuild/internal/chat/audit_wal.go:110.41,112.3 1 0
github.com/colton/futurebuild/internal/chat/audit_wal.go:113.2,113.23 1 0
github.com/colton/futurebuild/internal/chat/audit_wal.go:120.84,122.2 1 0
github.com/colton/futurebuild/internal/chat/audit_wal.go:125.38,127.2 1 0
github.com/colton/futurebuild/internal/chat/audit_wal.go:130.38,132.2 1 0
github.com/colton/futurebuild/internal/chat/circuit_breaker.go:23.39,24.11 1 0
github.com/colton/futurebuild/internal/chat/circuit_breaker.go:25.21,26.18 1 0
github.com/colton/futurebuild/internal/chat/circuit_breaker.go:27.19,28.16 1 0
github.com/colton/futurebuild/internal/chat/circuit_breaker.go:29.23,30.21 1 0
github.com/colton/futurebuild/internal/chat/circuit_breaker.go:31.10,32.19 1 0
github.com/colton/futurebuild/internal/chat/circuit_breaker.go:68.57,74.2 1 0
github.com/colton/futurebuild/internal/chat/circuit_breaker.go:89.81,94.2 1 0
github.com/colton/futurebuild/internal/chat/circuit_breaker.go:97.49,101.18 3 0
github.com/colton/futurebuild/internal/chat/circuit_breaker.go:102.21,104.29 1 0
github.com/colton/futurebuild/internal/chat/circuit_breaker.go:106.23,108.65 2 0
github.com/colton/futurebuild/internal/chat/circuit_breaker.go:108.65,113.4 3 0
github.com/colton/futurebuild/internal/chat/circuit_breaker.go:115.19,118.27 2 0
github.com/colton/futurebuild/internal/chat/circuit_breaker.go:123.49,127.18 3 0
github.com/colton/futurebuild/internal/chat/circuit_breaker.go:128.21,130.59 2 0
github.com/colton/futurebuild/internal/chat/circuit_breaker.go:130.59,133.4 2 0
github.com/colton/futurebuild/internal/chat/circuit_breaker.go:135.23,139.27 3 0
github.com/colton/futurebuild/internal/chat/circuit_breaker.go:141.19,143.27 1 0
github.com/colton/futurebuild/internal/chat/circuit_breaker.go:149.47,153.29 3 0
github.com/colton/futurebuild/internal/chat/circuit_breaker.go:153.29,155.55 1 0
github.com/colton/futurebuild/internal/chat/circuit_breaker.go:155.55,159.4 3 0
github.com/colton/futurebuild/internal/chat/circuit_breaker.go:160.3,160.14 1 0
github.com/colton/futurebuild/internal/chat/circuit_breaker.go:163.2,163.14 1 0
github.com/colton/futurebuild/internal/chat/circuit_breaker.go:167.54,171.2 3 0
github.com/colton/futurebuild/internal/chat/circuit_breaker.go:178.48,178.49 0 0
github.com/colton/futurebuild/internal/chat/circuit_breaker.go:181.48,181.49 0 0
github.com/colton/futurebuild/internal/chat/circuit_breaker.go:184.45,184.61 1 0
github.com/colton/futurebuild/internal/chat/circuit_breaker.go:187.52,187.76 1 0
github.com/colton/futurebuild/internal/chat/dlq.go:29.46,33.2 1 0
github.com/colton/futurebuild/internal/chat/dlq.go:37.84,39.16 2 0
github.com/colton/futurebuild/internal/chat/dlq.go:39.16,41.3 1 0
github.com/colton/futurebuild/internal/chat/dlq.go:43.2,49.16 3 0
github.com/colton/futurebuild/internal/chat/dlq.go:49.16,51.3 1 0
github.com/colton/futurebuild/internal/chat/dlq.go:53.2,53.12 1 0
github.com/colton/futurebuild/internal/chat/dlq.go:57.34,59.2 1 0
github.com/colton/futurebuild/internal/chat/executor.go:34.81,38.2 1 19
github.com/colton/futurebuild/internal/chat/executor.go:57.26,70.16 5 20
github.com/colton/futurebuild/internal/chat/executor.go:70.16,72.3 1 0
github.com/colton/futurebuild/internal/chat/executor.go:75.2,86.56 3 20
github.com/colton/futurebuild/internal/chat/executor.go:86.56,88.3 1 3
github.com/colton/futurebuild/internal/chat/executor.go:91.2,95.8 1 17
github.com/colton/futurebuild/internal/chat/intents.go:33.62,35.2 1 2
github.com/colton/futurebuild/internal/chat/intents.go:73.51,150.2 1 23
github.com/colton/futurebuild/internal/chat/intents.go:157.65,160.22 2 84
github.com/colton/futurebuild/internal/chat/intents.go:160.22,162.3 1 5
github.com/colton/futurebuild/internal/chat/intents.go:165.2,167.31 2 79
github.com/colton/futurebuild/internal/chat/intents.go:167.31,168.43 1 461
github.com/colton/futurebuild/internal/chat/intents.go:168.43,170.4 1 92
github.com/colton/futurebuild/internal/chat/intents.go:177.2,177.22 1 79
github.com/colton/futurebuild/internal/chat/intents.go:177.22,179.3 1 11
github.com/colton/futurebuild/internal/chat/intents.go:182.2,187.36 3 68
github.com/colton/futurebuild/internal/chat/intents.go:187.36,189.3 1 80
github.com/colton/futurebuild/internal/chat/intents.go:192.2,192.45 1 68
github.com/colton/futurebuild/internal/chat/intents.go:192.45,193.49 1 12
github.com/colton/futurebuild/internal/chat/intents.go:193.49,195.4 1 12
github.com/colton/futurebuild/internal/chat/intents.go:196.3,196.69 1 0
github.com/colton/futurebuild/internal/chat/intents.go:199.2,199.29 1 68
github.com/colton/futurebuild/internal/chat/orchestrator.go:86.86,88.16 2 9
github.com/colton/futurebuild/internal/chat/orchestrator.go:88.16,90.3 1 1
github.com/colton/futurebuild/internal/chat/orchestrator.go:94.2,94.20 1 8
github.com/colton/futurebuild/internal/chat/orchestrator.go:94.20,96.3 1 0
github.com/colton/futurebuild/internal/chat/orchestrator.go:99.2,110.16 3 8
github.com/colton/futurebuild/internal/chat/orchestrator.go:110.16,113.3 1 0
github.com/colton/futurebuild/internal/chat/orchestrator.go:115.2,121.29 2 8
github.com/colton/futurebuild/internal/chat/orchestrator.go:125.71,127.2 1 7
github.com/colton/futurebuild/internal/chat/orchestrator.go:136.84,138.2 1 12
github.com/colton/futurebuild/internal/chat/orchestrator.go:142.71,144.2 1 11
github.com/colton/futurebuild/internal/chat/orchestrator.go:153.90,155.2 1 2
github.com/colton/futurebuild/internal/chat/orchestrator.go:158.77,160.2 1 2
github.com/colton/futurebuild/internal/chat/orchestrator.go:177.17,178.16 1 1
github.com/colton/futurebuild/internal/chat/orchestrator.go:178.16,179.70 1 0
github.com/colton/futurebuild/internal/chat/orchestrator.go:182.2,190.3 2 1
github.com/colton/futurebuild/internal/chat/orchestrator.go:207.17,208.16 1 18
github.com/colton/futurebuild/internal/chat/orchestrator.go:208.16,209.70 1 0
github.com/colton/futurebuild/internal/chat/orchestrator.go:212.2,220.3 2 18
github.com/colton/futurebuild/internal/chat/orchestrator.go:231.135,241.55 2 21
github.com/colton/futurebuild/internal/chat/orchestrator.go:241.55,243.3 1 1
github.com/colton/futurebuild/internal/chat/orchestrator.go:246.2,256.4 3 20
github.com/colton/futurebuild/internal/chat/orchestrator.go:263.53,264.16 1 5
github.com/colton/futurebuild/internal/chat/orchestrator.go:267.23,270.14 1 3
github.com/colton/futurebuild/internal/chat/orchestrator.go:272.32,275.15 1 2
github.com/colton/futurebuild/internal/chat/orchestrator.go:276.10,278.14 1 0
github.com/colton/futurebuild/internal/chat/orchestrator.go:285.133,288.2 2 0
github.com/colton/futurebuild/internal/chat/orchestrator.go:291.99,292.16 1 20
github.com/colton/futurebuild/internal/chat/orchestrator.go:293.31,298.4 1 7
github.com/colton/futurebuild/internal/chat/orchestrator.go:299.34,300.106 1 7
github.com/colton/futurebuild/internal/chat/orchestrator.go:301.32,302.105 1 2
github.com/colton/futurebuild/internal/chat/orchestrator.go:303.36,305.120 1 2
github.com/colton/futurebuild/internal/chat/orchestrator.go:306.40,310.139 1 0
github.com/colton/futurebuild/internal/chat/orchestrator.go:311.10,312.117 1 2
github.com/colton/futurebuild/internal/chat/orchestrator.go:347.59,349.2 1 6
github.com/colton/futurebuild/internal/chat/orchestrator.go:354.45,356.2 1 0
github.com/colton/futurebuild/internal/chat/orchestrator.go:367.90,369.37 1 5
github.com/colton/futurebuild/internal/chat/orchestrator.go:369.37,371.3 1 0
github.com/colton/futurebuild/internal/chat/orchestrator.go:374.2,375.16 2 5
github.com/colton/futurebuild/internal/chat/orchestrator.go:375.16,377.3 1 1
github.com/colton/futurebuild/internal/chat/orchestrator.go:379.2,379.15 1 4
github.com/colton/futurebuild/internal/chat/orchestrator.go:379.15,381.3 1 4
github.com/colton/futurebuild/internal/chat/orchestrator.go:383.2,383.58 1 4
github.com/colton/futurebuild/internal/chat/orchestrator.go:383.58,385.3 1 2
github.com/colton/futurebuild/internal/chat/orchestrator.go:388.2,388.39 1 2
github.com/colton/futurebuild/internal/chat/orchestrator.go:388.39,390.3 1 0
github.com/colton/futurebuild/internal/chat/orchestrator.go:392.2,392.12 1 2
github.com/colton/futurebuild/internal/chat/orchestrator.go:397.107,406.16 3 4
github.com/colton/futurebuild/internal/chat/orchestrator.go:406.16,408.3 1 1
github.com/colton/futurebuild/internal/chat/orchestrator.go:411.2,411.28 1 3
github.com/colton/futurebuild/internal/chat/orchestrator.go:411.28,416.36 2 2
github.com/colton/futurebuild/internal/chat/orchestrator.go:416.36,424.18 2 3
github.com/colton/futurebuild/internal/chat/orchestrator.go:424.18,426.5 1 1
github.com/colton/futurebuild/internal/chat/orchestrator.go:430.2,430.12 1 2
github.com/colton/futurebuild/internal/chat/persistence_strategy.go:42.67,44.2 1 21
github.com/colton/futurebuild/internal/chat/persistence_strategy.go:47.88,48.51 1 11
github.com/colton/futurebuild/internal/chat/persistence_strategy.go:48.51,55.3 2 4
github.com/colton/futurebuild/internal/chat/persistence_strategy.go:56.2,56.12 1 7
github.com/colton/futurebuild/internal/chat/persistence_strategy.go:79.26,86.2 1 27
github.com/colton/futurebuild/internal/chat/persistence_strategy.go:91.92,93.51 1 19
github.com/colton/futurebuild/internal/chat/persistence_strategy.go:93.51,94.30 1 8
github.com/colton/futurebuild/internal/chat/persistence_strategy.go:94.30,96.4 1 1
github.com/colton/futurebuild/internal/chat/persistence_strategy.go:97.3,97.13 1 8
github.com/colton/futurebuild/internal/chat/persistence_strategy.go:101.2,101.58 1 11
github.com/colton/futurebuild/internal/chat/persistence_strategy.go:101.58,107.3 2 1
github.com/colton/futurebuild/internal/chat/persistence_strategy.go:110.2,116.59 2 10
github.com/colton/futurebuild/internal/chat/persistence_strategy.go:116.59,120.30 2 6
github.com/colton/futurebuild/internal/chat/persistence_strategy.go:120.30,122.4 1 2
github.com/colton/futurebuild/internal/chat/persistence_strategy.go:123.3,123.13 1 6
github.com/colton/futurebuild/internal/chat/persistence_strategy.go:124.8,129.3 1 4
github.com/colton/futurebuild/internal/chat/persistence_strategy.go:132.2,132.18 1 4
github.com/colton/futurebuild/internal/chat/persistence_strategy.go:132.18,133.60 1 4
github.com/colton/futurebuild/internal/chat/persistence_strategy.go:133.60,137.31 2 2
github.com/colton/futurebuild/internal/chat/persistence_strategy.go:137.31,139.5 1 2
github.com/colton/futurebuild/internal/chat/persistence_strategy.go:140.4,140.14 1 2
github.com/colton/futurebuild/internal/chat/persistence_strategy.go:141.9,146.4 1 2
github.com/colton/futurebuild/internal/chat/persistence_strategy.go:150.2,150.29 1 2
github.com/colton/futurebuild/internal/chat/persistence_strategy.go:150.29,152.3 1 2
github.com/colton/futurebuild/internal/chat/persistence_strategy.go:153.2,153.71 1 2
github.com/colton/futurebuild/internal/chat/persistence_strategy.go:171.32,178.2 1 19
github.com/colton/futurebuild/internal/chat/persistence_strategy.go:182.89,183.42 1 20
github.com/colton/futurebuild/internal/chat/persistence_strategy.go:183.42,185.3 1 20
github.com/colton/futurebuild/internal/chat/persistence_strategy.go:187.2,187.46 1 0
github.com/colton/futurebuild/internal/chat/persistence_strategy.go:192.104,194.2 1 0
